Performing C SOURCE FILE Test CMAKE_HAVE_LIBC_PTHREAD failed with the following output:
Change Dir: /home/dq1314/projects/SFND_Lidar_Obstacle_Detection/src/quiz/cluster/build/CMakeFiles/CMakeTmp

Run Build Command(s):/usr/bin/make cmTC_4a40e/fast && /usr/bin/make  -f CMakeFiles/cmTC_4a40e.dir/build.make CMakeFiles/cmTC_4a40e.dir/build
make[1]: Entering directory '/home/dq1314/projects/SFND_Lidar_Obstacle_Detection/src/quiz/cluster/build/CMakeFiles/CMakeTmp'
Building C object CMakeFiles/cmTC_4a40e.dir/src.c.o
/usr/bin/cc -DCMAKE_HAVE_LIBC_PTHREAD   -o CMakeFiles/cmTC_4a40e.dir/src.c.o -c /home/dq1314/projects/SFND_Lidar_Obstacle_Detection/src/quiz/cluster/build/CMakeFiles/CMakeTmp/src.c
Linking C executable cmTC_4a40e
/opt/cmake-3.19.2/bin/cmake -E cmake_link_script CMakeFiles/cmTC_4a40e.dir/link.txt --verbose=1
/usr/bin/cc -rdynamic CMakeFiles/cmTC_4a40e.dir/src.c.o -o cmTC_4a40e 
CMakeFiles/cmTC_4a40e.dir/src.c.o: In function `main':
src.c:(.text+0x3c): undefined reference to `pthread_create'
src.c:(.text+0x48): undefined reference to `pthread_detach'
src.c:(.text+0x54): undefined reference to `pthread_cancel'
src.c:(.text+0x65): undefined reference to `pthread_join'
src.c:(.text+0x79): undefined reference to `pthread_atfork'
collect2: error: ld returned 1 exit status
CMakeFiles/cmTC_4a40e.dir/build.make:105: recipe for target 'cmTC_4a40e' failed
make[1]: *** [cmTC_4a40e] Error 1
make[1]: Leaving directory '/home/dq1314/projects/SFND_Lidar_Obstacle_Detection/src/quiz/cluster/build/CMakeFiles/CMakeTmp'
Makefile:140: recipe for target 'cmTC_4a40e/fast' failed
make: *** [cmTC_4a40e/fast] Error 2


Source file was:
#include <pthread.h>

static void* test_func(void* data)
{
  return data;
}

int main(void)
{
  pthread_t thread;
  pthread_create(&thread, NULL, test_func, NULL);
  pthread_detach(thread);
  pthread_cancel(thread);
  pthread_join(thread, NULL);
  pthread_atfork(NULL, NULL, NULL);
  pthread_exit(NULL);

  return 0;
}

Determining if the function pthread_create exists in the pthreads failed with the following output:
Change Dir: /home/dq1314/projects/SFND_Lidar_Obstacle_Detection/src/quiz/cluster/build/CMakeFiles/CMakeTmp

Run Build Command(s):/usr/bin/make cmTC_07565/fast && /usr/bin/make  -f CMakeFiles/cmTC_07565.dir/build.make CMakeFiles/cmTC_07565.dir/build
make[1]: Entering directory '/home/dq1314/projects/SFND_Lidar_Obstacle_Detection/src/quiz/cluster/build/CMakeFiles/CMakeTmp'
Building C object CMakeFiles/cmTC_07565.dir/CheckFunctionExists.c.o
/usr/bin/cc   -DCHECK_FUNCTION_EXISTS=pthread_create -o CMakeFiles/cmTC_07565.dir/CheckFunctionExists.c.o -c /opt/cmake-3.19.2/share/cmake-3.19/Modules/CheckFunctionExists.c
Linking C executable cmTC_07565
/opt/cmake-3.19.2/bin/cmake -E cmake_link_script CMakeFiles/cmTC_07565.dir/link.txt --verbose=1
/usr/bin/cc  -DCHECK_FUNCTION_EXISTS=pthread_create -rdynamic CMakeFiles/cmTC_07565.dir/CheckFunctionExists.c.o -o cmTC_07565  -lpthreads 
/usr/bin/ld: cannot find -lpthreads
collect2: error: ld returned 1 exit status
CMakeFiles/cmTC_07565.dir/build.make:105: recipe for target 'cmTC_07565' failed
make[1]: *** [cmTC_07565] Error 1
make[1]: Leaving directory '/home/dq1314/projects/SFND_Lidar_Obstacle_Detection/src/quiz/cluster/build/CMakeFiles/CMakeTmp'
Makefile:140: recipe for target 'cmTC_07565/fast' failed
make: *** [cmTC_07565/fast] Error 2



